[debug] [2021-01-18T12:11:14.649Z] ----------------------------------------------------------------------
[debug] [2021-01-18T12:11:14.654Z] Command:       /usr/local/bin/node /home/runner/AmazonClone/node_modules/.bin/firebase login
[debug] [2021-01-18T12:11:14.655Z] CLI Version:   9.2.1
[debug] [2021-01-18T12:11:14.655Z] Platform:      linux
[debug] [2021-01-18T12:11:14.655Z] Node Version:  v12.18.3
[debug] [2021-01-18T12:11:14.655Z] Time:          Mon Jan 18 2021 12:11:14 GMT+0000 (Coordinated Universal Time)
[debug] [2021-01-18T12:11:14.656Z] ----------------------------------------------------------------------
[debug] [2021-01-18T12:11:14.656Z] 
[info] i  Firebase optionally collects CLI usage and error reporting information to help improve our products. Data is collected in accordance with Google's privacy policy (https://policies.google.com/privacy) and is not used to identify you.
 
[info] i  To change your data collection preference at any time, run `firebase logout` and log in again. 
[info] 
[info] Visit this URL on this device to log in:
[info] https://accounts.google.com/o/oauth2/auth?client_id=563584335869-fgrhgmd47bqnekij5i8b5pr03ho849e6.apps.googleusercontent.com&scope=email%20openid%20https%3A%2F%2Fwww.googleapis.com%2Fauth%2Fcloudplatformprojects.readonly%20https%3A%2F%2Fwww.googleapis.com%2Fauth%2Ffirebase%20https%3A%2F%2Fwww.googleapis.com%2Fauth%2Fcloud-platform&response_type=code&state=294467509&redirect_uri=http%3A%2F%2Flocalhost%3A9005
[info] 
[info] Waiting for authentication...
[debug] [2021-01-18T14:29:19.119Z] ----------------------------------------------------------------------
[debug] [2021-01-18T14:29:19.152Z] Command:       /usr/local/bin/node /home/runner/AmazonClone/node_modules/.bin/firebase login
[debug] [2021-01-18T14:29:19.162Z] CLI Version:   9.2.1
[debug] [2021-01-18T14:29:19.162Z] Platform:      linux
[debug] [2021-01-18T14:29:19.163Z] Node Version:  v12.18.3
[debug] [2021-01-18T14:29:19.163Z] Time:          Mon Jan 18 2021 14:29:19 GMT+0000 (Coordinated Universal Time)
[debug] [2021-01-18T14:29:19.170Z] ----------------------------------------------------------------------
[debug] [2021-01-18T14:29:19.171Z] 
[info] i  Firebase optionally collects CLI usage and error reporting information to help improve our products. Data is collected in accordance with Google's privacy policy (https://policies.google.com/privacy) and is not used to identify you.
 
[info] i  To change your data collection preference at any time, run `firebase logout` and log in again. 
[info] 
[info] Visit this URL on this device to log in:
[info] https://accounts.google.com/o/oauth2/auth?client_id=563584335869-fgrhgmd47bqnekij5i8b5pr03ho849e6.apps.googleusercontent.com&scope=email%20openid%20https%3A%2F%2Fwww.googleapis.com%2Fauth%2Fcloudplatformprojects.readonly%20https%3A%2F%2Fwww.googleapis.com%2Fauth%2Ffirebase%20https%3A%2F%2Fwww.googleapis.com%2Fauth%2Fcloud-platform&response_type=code&state=697367241&redirect_uri=http%3A%2F%2Flocalhost%3A9005
[info] 
[info] Waiting for authentication...
[debug] [2021-01-18T14:32:43.178Z] ----------------------------------------------------------------------
[debug] [2021-01-18T14:32:43.184Z] Command:       /usr/local/bin/node /home/runner/AmazonClone/node_modules/.bin/firebase login
[debug] [2021-01-18T14:32:43.185Z] CLI Version:   9.2.1
[debug] [2021-01-18T14:32:43.186Z] Platform:      linux
[debug] [2021-01-18T14:32:43.186Z] Node Version:  v12.18.3
[debug] [2021-01-18T14:32:43.187Z] Time:          Mon Jan 18 2021 14:32:43 GMT+0000 (Coordinated Universal Time)
[debug] [2021-01-18T14:32:43.187Z] ----------------------------------------------------------------------
[debug] [2021-01-18T14:32:43.187Z] 
[info] i  Firebase optionally collects CLI usage and error reporting information to help improve our products. Data is collected in accordance with Google's privacy policy (https://policies.google.com/privacy) and is not used to identify you.
 
[info] i  To change your data collection preference at any time, run `firebase logout` and log in again. 
[info] 
[info] Visit this URL on this device to log in:
[info] https://accounts.google.com/o/oauth2/auth?client_id=563584335869-fgrhgmd47bqnekij5i8b5pr03ho849e6.apps.googleusercontent.com&scope=email%20openid%20https%3A%2F%2Fwww.googleapis.com%2Fauth%2Fcloudplatformprojects.readonly%20https%3A%2F%2Fwww.googleapis.com%2Fauth%2Ffirebase%20https%3A%2F%2Fwww.googleapis.com%2Fauth%2Fcloud-platform&response_type=code&state=1072991852&redirect_uri=http%3A%2F%2Flocalhost%3A9005
[info] 
[info] Waiting for authentication...
